[debug] [2025-01-20T10:27:09.071Z] ----------------------------------------------------------------------
[debug] [2025-01-20T10:27:09.074Z] Command:       C:\Program Files\nodejs\node.exe C:\Users\RAJU\AppData\Roaming\npm\node_modules\firebase-tools\lib\bin\firebase.js login
[debug] [2025-01-20T10:27:09.074Z] CLI Version:   13.22.0
[debug] [2025-01-20T10:27:09.074Z] Platform:      win32
[debug] [2025-01-20T10:27:09.075Z] Node Version:  v20.18.0
[debug] [2025-01-20T10:27:09.075Z] Time:          Mon Jan 20 2025 15:57:09 GMT+0530 (India Standard Time)
[debug] [2025-01-20T10:27:09.075Z] ----------------------------------------------------------------------
[debug] 
[debug] [2025-01-20T10:27:09.078Z] >>> [apiv2][query] GET https://firebase-public.firebaseio.com/cli.json [none]
[info] i  Firebase optionally collects CLI and Emulator Suite usage and error reporting information to help improve our products. Data is collected in accordance with Google's privacy policy (https://policies.google.com/privacy) and is not used to identify you.
 
[debug] [2025-01-20T10:27:10.321Z] <<< [apiv2][status] GET https://firebase-public.firebaseio.com/cli.json 200
[debug] [2025-01-20T10:27:10.322Z] <<< [apiv2][body] GET https://firebase-public.firebaseio.com/cli.json {"cloudBuildErrorAfter":1594252800000,"cloudBuildWarnAfter":1590019200000,"defaultNode10After":1594252800000,"minVersion":"3.0.5","node8DeploysDisabledAfter":1613390400000,"node8RuntimeDisabledAfter":1615809600000,"node8WarnAfter":1600128000000}
[info] i  To change your data collection preference at any time, run `firebase logout` and log in again. 
[info] 
[info] Visit this URL on this device to log in:
[info] https://accounts.google.com/o/oauth2/auth?client_id=563584335869-fgrhgmd47bqnekij5i8b5pr03ho849e6.apps.googleusercontent.com&scope=email%20openid%20https%3A%2F%2Fwww.googleapis.com%2Fauth%2Fcloudplatformprojects.readonly%20https%3A%2F%2Fwww.googleapis.com%2Fauth%2Ffirebase%20https%3A%2F%2Fwww.googleapis.com%2Fauth%2Fcloud-platform&response_type=code&state=861831478&redirect_uri=http%3A%2F%2Flocalhost%3A9005
[info] 
[info] Waiting for authentication...
[debug] [2025-01-20T10:35:03.427Z] ----------------------------------------------------------------------
[debug] [2025-01-20T10:35:03.430Z] Command:       C:\Program Files\nodejs\node.exe C:\Users\RAJU\AppData\Roaming\npm\node_modules\firebase-tools\lib\bin\firebase.js login
[debug] [2025-01-20T10:35:03.430Z] CLI Version:   13.22.0
[debug] [2025-01-20T10:35:03.430Z] Platform:      win32
[debug] [2025-01-20T10:35:03.431Z] Node Version:  v20.18.0
[debug] [2025-01-20T10:35:03.431Z] Time:          Mon Jan 20 2025 16:05:03 GMT+0530 (India Standard Time)
[debug] [2025-01-20T10:35:03.431Z] ----------------------------------------------------------------------
[debug] 
[info] i  Firebase optionally collects CLI and Emulator Suite usage and error reporting information to help improve our products. Data is collected in accordance with Google's privacy policy (https://policies.google.com/privacy) and is not used to identify you.
 
[info] i  To change your data collection preference at any time, run `firebase logout` and log in again. 
[info] 
[info] Visit this URL on this device to log in:
[info] https://accounts.google.com/o/oauth2/auth?client_id=563584335869-fgrhgmd47bqnekij5i8b5pr03ho849e6.apps.googleusercontent.com&scope=email%20openid%20https%3A%2F%2Fwww.googleapis.com%2Fauth%2Fcloudplatformprojects.readonly%20https%3A%2F%2Fwww.googleapis.com%2Fauth%2Ffirebase%20https%3A%2F%2Fwww.googleapis.com%2Fauth%2Fcloud-platform&response_type=code&state=723845306&redirect_uri=http%3A%2F%2Flocalhost%3A9005
[info] 
[info] Waiting for authentication...
